Flow report for CORDIC_top
Fri Nov 24 23:46:02 2023
Quartus II 64-Bit Version 13.0.1 Build 232 06/12/2013 Service Pack 1 SJ Full Version


---------------------
; Table of Contents ;
---------------------
  1. Legal Notice
  2. Flow Summary
  3. Flow Settings
  4. Flow Non-Default Global Settings
  5. Flow Elapsed Time
  6. Flow OS Summary
  7. Flow Log
  8. Flow Messages
  9. Flow Suppressed Messages



----------------
; Legal Notice ;
----------------
Copyright (C) 1991-2013 Altera Corporation
Your use of Altera Corporation's design tools, logic functions 
and other software and tools, and its AMPP partner logic 
functions, and any output files from any of the foregoing 
(including device programming or simulation files), and any 
associated documentation or information are expressly subject 
to the terms and conditions of the Altera Program License 
Subscription Agreement, Altera MegaCore Function License 
Agreement, or other applicable license agreement, including, 
without limitation, that your use is for the sole purpose of 
programming logic devices manufactured by Altera and sold by 
Altera or its authorized distributors.  Please refer to the 
applicable agreement for further details.



+---------------------------------------------------------------------------------------+
; Flow Summary                                                                          ;
+------------------------------------+--------------------------------------------------+
; Flow Status                        ; Successful - Fri Nov 24 23:46:02 2023            ;
; Quartus II 64-Bit Version          ; 13.0.1 Build 232 06/12/2013 SP 1 SJ Full Version ;
; Revision Name                      ; CORDIC_top                                       ;
; Top-level Entity Name              ; CORDIC_top                                       ;
; Family                             ; Cyclone II                                       ;
; Device                             ; EP2C35F672C6                                     ;
; Timing Models                      ; Final                                            ;
; Total logic elements               ; 3,209 / 33,216 ( 10 % )                          ;
;     Total combinational functions  ; 3,064 / 33,216 ( 9 % )                           ;
;     Dedicated logic registers      ; 1,199 / 33,216 ( 4 % )                           ;
; Total registers                    ; 1199                                             ;
; Total pins                         ; 28 / 475 ( 6 % )                                 ;
; Total virtual pins                 ; 0                                                ;
; Total memory bits                  ; 0 / 483,840 ( 0 % )                              ;
; Embedded Multiplier 9-bit elements ; 48 / 70 ( 69 % )                                 ;
; Total PLLs                         ; 0 / 4 ( 0 % )                                    ;
+------------------------------------+--------------------------------------------------+


+-----------------------------------------+
; Flow Settings                           ;
+-------------------+---------------------+
; Option            ; Setting             ;
+-------------------+---------------------+
; Start date & time ; 11/24/2023 23:45:30 ;
; Main task         ; Compilation         ;
; Revision Name     ; CORDIC_top          ;
+-------------------+---------------------+


+-------------------------------------------------------------------------------------------------------------------------+
; Flow Non-Default Global Settings                                                                                        ;
+--------------------------------------+-----------------------------------+---------------+-------------+----------------+
; Assignment Name                      ; Value                             ; Default Value ; Entity Name ; Section Id     ;
+--------------------------------------+-----------------------------------+---------------+-------------+----------------+
; COMPILER_SIGNATURE_ID                ; 345052807169.170084073009828      ; --            ; --          ; --             ;
; EDA_DESIGN_INSTANCE_NAME             ; NA                                ; --            ; --          ; CORDIC_top.vt  ;
; EDA_NATIVELINK_SIMULATION_TEST_BENCH ; CORDIC_top.vt                     ; --            ; --          ; eda_simulation ;
; EDA_OUTPUT_DATA_FORMAT               ; Verilog Hdl                       ; --            ; --          ; eda_simulation ;
; EDA_SIMULATION_TOOL                  ; ModelSim (Verilog)                ; <None>        ; --          ; --             ;
; EDA_TEST_BENCH_ENABLE_STATUS         ; TEST_BENCH_MODE                   ; --            ; --          ; eda_simulation ;
; EDA_TEST_BENCH_FILE                  ; simulation/modelsim/CORDIC_top.vt ; --            ; --          ; CORDIC_top.vt  ;
; EDA_TEST_BENCH_MODULE_NAME           ; CORDIC_top_vlg_tst                ; --            ; --          ; CORDIC_top.vt  ;
; EDA_TEST_BENCH_NAME                  ; CORDIC_top.vt                     ; --            ; --          ; eda_simulation ;
; EDA_TIME_SCALE                       ; 1 ps                              ; --            ; --          ; eda_simulation ;
; MAX_CORE_JUNCTION_TEMP               ; 85                                ; --            ; --          ; --             ;
; MIN_CORE_JUNCTION_TEMP               ; 0                                 ; --            ; --          ; --             ;
; PARTITION_COLOR                      ; 16764057                          ; --            ; --          ; Top            ;
; PARTITION_FITTER_PRESERVATION_LEVEL  ; PLACEMENT_AND_ROUTING             ; --            ; --          ; Top            ;
; PARTITION_NETLIST_TYPE               ; SOURCE                            ; --            ; --          ; Top            ;
; PROJECT_OUTPUT_DIRECTORY             ; output_files                      ; --            ; --          ; --             ;
+--------------------------------------+-----------------------------------+---------------+-------------+----------------+


+-------------------------------------------------------------------------------------------------------------------------------+
; Flow Elapsed Time                                                                                                             ;
+---------------------------+--------------+-------------------------+---------------------+------------------------------------+
; Module Name               ; Elapsed Time ; Average Processors Used ; Peak Virtual Memory ; Total CPU Time (on all processors) ;
+---------------------------+--------------+-------------------------+---------------------+------------------------------------+
; Analysis & Synthesis      ; 00:00:09     ; 1.0                     ; 4623 MB             ; 00:00:09                           ;
; Fitter                    ; 00:00:15     ; 2.2                     ; 5851 MB             ; 00:00:34                           ;
; Assembler                 ; 00:00:02     ; 1.0                     ; 4580 MB             ; 00:00:02                           ;
; TimeQuest Timing Analyzer ; 00:00:02     ; 1.0                     ; 4630 MB             ; 00:00:01                           ;
; EDA Netlist Writer        ; 00:00:01     ; 1.0                     ; 4564 MB             ; 00:00:02                           ;
; Total                     ; 00:00:29     ; --                      ; --                  ; 00:00:48                           ;
+---------------------------+--------------+-------------------------+---------------------+------------------------------------+


+----------------------------------------------------------------------------------------+
; Flow OS Summary                                                                        ;
+---------------------------+------------------+-----------+------------+----------------+
; Module Name               ; Machine Hostname ; OS Name   ; OS Version ; Processor type ;
+---------------------------+------------------+-----------+------------+----------------+
; Analysis & Synthesis      ; LAPTOP-ELVIDPRC  ; Windows 7 ; 6.2        ; x86_64         ;
; Fitter                    ; LAPTOP-ELVIDPRC  ; Windows 7 ; 6.2        ; x86_64         ;
; Assembler                 ; LAPTOP-ELVIDPRC  ; Windows 7 ; 6.2        ; x86_64         ;
; TimeQuest Timing Analyzer ; LAPTOP-ELVIDPRC  ; Windows 7 ; 6.2        ; x86_64         ;
; EDA Netlist Writer        ; LAPTOP-ELVIDPRC  ; Windows 7 ; 6.2        ; x86_64         ;
+---------------------------+------------------+-----------+------------+----------------+


------------
; Flow Log ;
------------
quartus_map --read_settings_files=on --write_settings_files=off CORDIC_top -c CORDIC_top
quartus_fit --read_settings_files=off --write_settings_files=off CORDIC_top -c CORDIC_top
quartus_asm --read_settings_files=off --write_settings_files=off CORDIC_top -c CORDIC_top
quartus_sta CORDIC_top -c CORDIC_top
quartus_eda --read_settings_files=off --write_settings_files=off CORDIC_top -c CORDIC_top



